[alert] [2025-12-21 14:14:47] cpu critical (10%)
[alert] [2025-12-21 14:39:25] docker daemon down
[critical] [2025-12-21 14:39:25] failed to start docker!!
[alert] [2025-12-21 14:40:54] docker daemon down
[critical] [2025-12-21 14:40:54] failed to start docker!!
[alert] [2025-12-21 14:43:00] docker daemon down
[critical] [2025-12-21 14:43:00] failed to start docker!!
[alert] [2025-12-21 14:43:36] docker daemon down
[critical] [2025-12-21 14:43:36] failed to start docker!!
[alert] [2025-12-21 14:44:50] docker daemon down
[info] [2025-12-21 14:44:50] docker daemon restarted
[ALERT] [2025-12-21 15:33:56] CPU CRITICAL (13%)
[ALERT] [2025-12-21 15:34:00] CPU CRITICAL (13%)
[ALERT] [2025-12-21 15:34:00] CPU CRITICAL (12%)
[ALERT] [2025-12-21 15:34:06] CPU CRITICAL (16%)
[ALERT] [2025-12-21 15:34:36] CPU CRITICAL (14%)
[ALERT] [2025-12-21 15:35:00] CPU CRITICAL (15%)
[ALERT] [2025-12-21 15:36:00] CPU CRITICAL (15%)
[ALERT] [2025-12-21 15:36:18] CPU CRITICAL (18%)
[ALERT] [2025-12-21 15:36:20] CPU CRITICAL (14%)
[ALERT] [2025-12-21 15:36:22] CPU CRITICAL (16%)
[ALERT] [2025-12-21 15:37:00] CPU CRITICAL (14%)
[ALERT] [2025-12-21 15:42:00] CPU CRITICAL (12%)
[ALERT] [2025-12-21 15:44:14] CPU CRITICAL (14%)
[alert] [2025-12-21 15:53:10] docker daemon down
[info] [2025-12-21 15:53:10] docker daemon restarted
[alert] [2025-12-21 16:40:17] docker daemon down
[info] [2025-12-21 16:40:17] docker daemon restarted
[alert] [2025-12-21 17:30:09] docker daemon down
[info] [2025-12-21 17:30:09] docker daemon restarted
[alert] [2025-12-21 17:43:45] docker daemon down
[info] [2025-12-21 17:43:45] docker daemon restarted
[alert] [2025-12-21 17:47:58] docker daemon down
[info] [2025-12-21 17:47:58] docker daemon restarted
[alert] [2025-12-21 17:50:00] docker daemon down
[alert] [2025-12-21 17:50:00] docker daemon down
[info] [2025-12-21 17:50:00] docker daemon restarted
[info] [2025-12-21 17:50:00] docker daemon restarted
[alert] [2025-12-21 17:51:25] docker daemon down
[info] [2025-12-21 17:51:25] docker daemon restarted
[alert] [2025-12-21 19:27:58] docker daemon down
[info] [2025-12-21 19:27:58] docker daemon restarted
[alert] [2025-12-21 19:28:29] docker daemon down
[info] [2025-12-21 19:28:29] docker daemon restarted
[alert] [2025-12-22 00:22:00] docker daemon down
[critical] [2025-12-22 00:22:00] failed to start docker!!
[alert] [2025-12-22 00:23:00] docker daemon down
[critical] [2025-12-22 00:23:00] failed to start docker!!
[ALERT] [2025-12-22 00:59:00] CPU CRITICAL (100%)
[alert] [2025-12-22 01:21:00] docker daemon down
[critical] [2025-12-22 01:21:00] failed to start docker!!
[alert] [2025-12-22 01:22:00] docker daemon down
[critical] [2025-12-22 01:22:00] failed to start docker!!
[alert] [2025-12-22 01:29:00] docker daemon down
[critical] [2025-12-22 01:29:00] failed to start docker!!
[alert] [2025-12-22 01:30:00] docker daemon down
[critical] [2025-12-22 01:30:00] failed to start docker!!
[alert] [2025-12-22 12:51:00] docker daemon down
[critical] [2025-12-22 12:51:00] failed to start docker!!
[alert] [2025-12-22 12:52:00] docker daemon down
[critical] [2025-12-22 12:52:00] failed to start docker!!
[alert] [2025-12-22 12:59:00] docker daemon down
[critical] [2025-12-22 12:59:00] failed to start docker!!
[alert] [2025-12-22 13:00:00] docker daemon down
[critical] [2025-12-22 13:00:00] failed to start docker!!
[ALERT] [2025-12-22 21:33:00] CPU CRITICAL (100%)
[alert] [2025-12-22 21:46:00] docker daemon down
[critical] [2025-12-22 21:46:00] failed to start docker!!
[alert] [2025-12-22 21:47:00] docker daemon down
[critical] [2025-12-22 21:47:00] failed to start docker!!
[ALERT] [2025-12-22 21:53:00] CPU CRITICAL (100%)
[alert] [2025-12-22 22:00:00] docker daemon down
[critical] [2025-12-22 22:00:00] failed to start docker!!
[alert] [2025-12-22 22:01:00] docker daemon down
[critical] [2025-12-22 22:01:00] failed to start docker!!
[alert] [2025-12-22 22:08:00] docker daemon down
[critical] [2025-12-22 22:08:00] failed to start docker!!
[alert] [2025-12-22 22:09:00] docker daemon down
[critical] [2025-12-22 22:09:00] failed to start docker!!
