CPU=15% STATE=NORMAL
MEM=38% STATE=NORMAL
DISK=13% STATE=NORMAL
/home/akash/monitor/analyse.sh:84: no such file or directory: data/metric.csv
/home/akash/monitor/analyse.sh:87: no such file or directory: data/metric.csv
CPU=15% STATE=NORMAL
MEM=38% STATE=NORMAL
DISK=13% STATE=NORMAL
/home/akash/monitor/analyse.sh:84: no such file or directory: data/metric.csv
/home/akash/monitor/analyse.sh:87: no such file or directory: data/metric.csv
CPU=10% STATE=NORMAL
MEM=37% STATE=NORMAL
DISK=13% STATE=NORMAL
/home/akash/monitor/analyse.sh:84: no such file or directory: data/metric.csv
/home/akash/monitor/analyse.sh:87: no such file or directory: data/metric.csv
CPU=12% STATE=NORMAL
MEM=38% STATE=NORMAL
DISK=13% STATE=NORMAL
/home/akash/monitor/analyse.sh:84: no such file or directory: data/metric.csv
/home/akash/monitor/analyse.sh:87: no such file or directory: data/metric.csv
CPU=14% STATE=NORMAL
MEM=38% STATE=NORMAL
DISK=13% STATE=NORMAL
CPU=21% STATE=NORMAL
MEM=39% STATE=NORMAL
DISK=13% STATE=NORMAL
CPU=12% STATE=NORMAL
MEM=38% STATE=NORMAL
DISK=13% STATE=NORMAL
CPU=12% STATE=NORMAL
MEM=39% STATE=NORMAL
DISK=13% STATE=NORMAL
CPU=12% STATE=NORMAL
MEM=38% STATE=NORMAL
DISK=13% STATE=NORMAL
CPU=16% STATE=NORMAL
MEM=38% STATE=NORMAL
DISK=13% STATE=NORMAL
CPU=15% STATE=NORMAL
MEM=39% STATE=NORMAL
DISK=13% STATE=NORMAL
CPU=13% STATE=NORMAL
MEM=41% STATE=NORMAL
DISK=13% STATE=NORMAL
CPU=11% STATE=NORMAL
MEM=39% STATE=NORMAL
DISK=13% STATE=NORMAL
CPU=11% STATE=NORMAL
MEM=39% STATE=NORMAL
DISK=13% STATE=NORMAL
CPU=10% STATE=NORMAL
MEM=39% STATE=NORMAL
DISK=13% STATE=NORMAL
CPU=13% STATE=NORMAL
MEM=39% STATE=NORMAL
DISK=13% STATE=NORMAL
CPU=8% STATE=NORMAL
MEM=39% STATE=NORMAL
DISK=13% STATE=NORMAL
CPU=12% STATE=NORMAL
MEM=39% STATE=NORMAL
DISK=13% STATE=NORMAL
CPU=8% STATE=NORMAL
MEM=39% STATE=NORMAL
DISK=13% STATE=NORMAL
CPU=15% STATE=NORMAL
MEM=39% STATE=NORMAL
DISK=13% STATE=NORMAL
CPU=15% STATE=NORMAL
MEM=40% STATE=NORMAL
DISK=13% STATE=NORMAL
CPU=10% STATE=NORMAL
MEM=40% STATE=NORMAL
DISK=13% STATE=NORMAL
CPU=10% STATE=NORMAL
MEM=40% STATE=NORMAL
DISK=13% STATE=NORMAL
CPU=9% STATE=NORMAL
MEM=40% STATE=NORMAL
DISK=13% STATE=NORMAL
CPU=10% STATE=NORMAL
MEM=39% STATE=NORMAL
DISK=13% STATE=NORMAL
CPU=15% STATE=NORMAL
MEM=39% STATE=NORMAL
DISK=13% STATE=NORMAL
CPU=15% STATE=NORMAL
MEM=40% STATE=NORMAL
DISK=13% STATE=NORMAL
/home/akash/monitor/analyse.sh:11: command not found: date+%s
CPU=13% STATE=NORMAL
MEM=40% STATE=NORMAL
DISK=13% STATE=NORMAL
/home/akash/monitor/analyse.sh:11: command not found: date+%s
CPU=14% STATE=NORMAL
MEM=40% STATE=NORMAL
DISK=13% STATE=NORMAL
/home/akash/monitor/analyse.sh:11: command not found: date+%s
CPU=13% STATE=NORMAL
MEM=40% STATE=NORMAL
DISK=13% STATE=NORMAL
/home/akash/monitor/analyse.sh:11: command not found: date+%s
CPU=14% STATE=NORMAL
MEM=40% STATE=NORMAL
DISK=13% STATE=NORMAL
/home/akash/monitor/analyse.sh:11: command not found: date+%s
CPU=11% STATE=NORMAL
MEM=40% STATE=NORMAL
DISK=13% STATE=NORMAL
/home/akash/monitor/analyse.sh:11: command not found: date+%s
CPU=12% STATE=NORMAL
MEM=40% STATE=NORMAL
DISK=13% STATE=NORMAL
/home/akash/monitor/analyse.sh:11: command not found: date+%s
CPU=10% STATE=NORMAL
MEM=40% STATE=NORMAL
DISK=13% STATE=NORMAL
/home/akash/monitor/analyse.sh:11: command not found: date+%s
CPU=11% STATE=NORMAL
MEM=38% STATE=NORMAL
DISK=13% STATE=NORMAL
/home/akash/monitor/analyse.sh:11: command not found: date+%s
CPU=12% STATE=NORMAL
MEM=38% STATE=NORMAL
DISK=13% STATE=NORMAL
/home/akash/monitor/analyse.sh:141: parse error near `\n'
/home/akash/monitor/analyse.sh:11: command not found: date+%s
CPU=18% STATE=NORMAL
MEM=38% STATE=NORMAL
DISK=13% STATE=NORMAL
/home/akash/monitor/analyse.sh:11: command not found: date+%s
CPU=11% STATE=NORMAL
MEM=38% STATE=NORMAL
DISK=13% STATE=NORMAL
/home/akash/monitor/analyse.sh:11: command not found: date+%s
CPU=12% STATE=NORMAL
MEM=38% STATE=NORMAL
DISK=13% STATE=NORMAL
/home/akash/monitor/analyse.sh:11: command not found: date+%s
CPU=12% STATE=NORMAL
MEM=38% STATE=NORMAL
DISK=13% STATE=NORMAL
/home/akash/monitor/analyse.sh:11: command not found: date+%s
CPU=21% STATE=NORMAL
MEM=38% STATE=NORMAL
DISK=13% STATE=NORMAL
CPU=13% STATE=CRITICAL
MEM=38% STATE=NORMAL
DISK=13% STATE=NORMAL
[ALERT] 2025-12-21 15:34:00 CPU CRITICAL (13%)
CPU=15% STATE=CRITICAL
MEM=40% STATE=NORMAL
DISK=13% STATE=NORMAL
[ALERT] 2025-12-21 15:35:00 CPU CRITICAL (15%)
CPU=15% STATE=CRITICAL
MEM=38% STATE=NORMAL
DISK=13% STATE=NORMAL
[ALERT] 2025-12-21 15:36:00 CPU CRITICAL (15%)
CPU=14% STATE=CRITICAL
MEM=39% STATE=NORMAL
DISK=13% STATE=NORMAL
[ALERT] 2025-12-21 15:37:00 CPU CRITICAL (14%)
CPU=12% STATE=CRITICAL
MEM=39% STATE=NORMAL
DISK=13% STATE=NORMAL
CPU=13% STATE=CRITICAL
MEM=39% STATE=NORMAL
DISK=13% STATE=NORMAL
CPU=10% STATE=CRITICAL
MEM=39% STATE=NORMAL
DISK=13% STATE=NORMAL
CPU=10% STATE=CRITICAL
MEM=39% STATE=NORMAL
DISK=13% STATE=NORMAL
CPU=12% STATE=CRITICAL
MEM=39% STATE=NORMAL
DISK=13% STATE=NORMAL
[ALERT] 2025-12-21 15:42:00 CPU CRITICAL (12%)
CPU=12% STATE=CRITICAL
MEM=38% STATE=NORMAL
DISK=13% STATE=NORMAL
CPU=18% STATE=NORMAL
MEM=38% STATE=NORMAL
DISK=13% STATE=NORMAL
CPU=14% STATE=NORMAL
MEM=38% STATE=NORMAL
DISK=13% STATE=NORMAL
CPU=11% STATE=NORMAL
MEM=39% STATE=NORMAL
DISK=13% STATE=NORMAL
CPU=16% STATE=NORMAL
MEM=40% STATE=NORMAL
DISK=13% STATE=NORMAL
CPU=14% STATE=NORMAL
MEM=38% STATE=NORMAL
DISK=13% STATE=NORMAL
CPU=18% STATE=NORMAL
MEM=38% STATE=NORMAL
DISK=13% STATE=NORMAL
CPU=9% STATE=NORMAL
MEM=38% STATE=NORMAL
DISK=13% STATE=NORMAL
CPU=11% STATE=NORMAL
MEM=38% STATE=NORMAL
DISK=13% STATE=NORMAL
CPU=10% STATE=NORMAL
MEM=38% STATE=NORMAL
DISK=13% STATE=NORMAL
CPU=14% STATE=NORMAL
MEM=38% STATE=NORMAL
DISK=13% STATE=NORMAL
CPU=14% STATE=NORMAL
MEM=38% STATE=NORMAL
DISK=13% STATE=NORMAL
CPU=12% STATE=NORMAL
MEM=38% STATE=NORMAL
DISK=13% STATE=NORMAL
CPU=15% STATE=NORMAL
MEM=38% STATE=NORMAL
DISK=13% STATE=NORMAL
CPU=13% STATE=NORMAL
MEM=38% STATE=NORMAL
DISK=13% STATE=NORMAL
CPU=15% STATE=NORMAL
MEM=38% STATE=NORMAL
DISK=13% STATE=NORMAL
CPU=13% STATE=NORMAL
MEM=38% STATE=NORMAL
DISK=13% STATE=NORMAL
CPU=11% STATE=NORMAL
MEM=38% STATE=NORMAL
DISK=13% STATE=NORMAL
CPU=9% STATE=NORMAL
MEM=38% STATE=NORMAL
DISK=13% STATE=NORMAL
CPU=14% STATE=NORMAL
MEM=38% STATE=NORMAL
DISK=13% STATE=NORMAL
CPU=8% STATE=NORMAL
MEM=38% STATE=NORMAL
DISK=13% STATE=NORMAL
CPU=12% STATE=NORMAL
MEM=38% STATE=NORMAL
DISK=13% STATE=NORMAL
CPU=14% STATE=NORMAL
MEM=38% STATE=NORMAL
DISK=13% STATE=NORMAL
CPU=13% STATE=NORMAL
MEM=38% STATE=NORMAL
DISK=13% STATE=NORMAL
CPU=14% STATE=NORMAL
MEM=38% STATE=NORMAL
DISK=13% STATE=NORMAL
CPU=16% STATE=NORMAL
MEM=38% STATE=NORMAL
DISK=13% STATE=NORMAL
CPU=15% STATE=NORMAL
MEM=37% STATE=NORMAL
DISK=13% STATE=NORMAL
CPU=11% STATE=NORMAL
MEM=38% STATE=NORMAL
DISK=13% STATE=NORMAL
CPU=11% STATE=NORMAL
MEM=38% STATE=NORMAL
DISK=13% STATE=NORMAL
CPU=18% STATE=NORMAL
MEM=38% STATE=NORMAL
DISK=13% STATE=NORMAL
CPU=12% STATE=NORMAL
MEM=38% STATE=NORMAL
DISK=13% STATE=NORMAL
CPU=13% STATE=NORMAL
MEM=39% STATE=NORMAL
DISK=13% STATE=NORMAL
CPU=11% STATE=NORMAL
MEM=38% STATE=NORMAL
DISK=13% STATE=NORMAL
CPU=6% STATE=NORMAL
MEM=39% STATE=NORMAL
DISK=13% STATE=NORMAL
CPU=20% STATE=NORMAL
MEM=42% STATE=NORMAL
DISK=13% STATE=NORMAL
CPU=18% STATE=NORMAL
MEM=41% STATE=NORMAL
DISK=13% STATE=NORMAL
CPU=10% STATE=NORMAL
MEM=40% STATE=NORMAL
DISK=13% STATE=NORMAL
CPU=20% STATE=NORMAL
MEM=41% STATE=NORMAL
DISK=13% STATE=NORMAL
CPU=12% STATE=NORMAL
MEM=41% STATE=NORMAL
DISK=13% STATE=NORMAL
CPU=16% STATE=NORMAL
MEM=42% STATE=NORMAL
DISK=13% STATE=NORMAL
CPU=16% STATE=NORMAL
MEM=42% STATE=NORMAL
DISK=13% STATE=NORMAL
CPU=9% STATE=NORMAL
MEM=41% STATE=NORMAL
DISK=13% STATE=NORMAL
CPU=19% STATE=NORMAL
MEM=42% STATE=NORMAL
DISK=13% STATE=NORMAL
CPU=13% STATE=NORMAL
MEM=41% STATE=NORMAL
DISK=13% STATE=NORMAL
CPU=10% STATE=NORMAL
MEM=41% STATE=NORMAL
DISK=13% STATE=NORMAL
CPU=13% STATE=NORMAL
MEM=42% STATE=NORMAL
DISK=13% STATE=NORMAL
CPU=14% STATE=NORMAL
MEM=44% STATE=NORMAL
DISK=13% STATE=NORMAL
CPU=12% STATE=NORMAL
MEM=47% STATE=NORMAL
DISK=13% STATE=NORMAL
CPU=21% STATE=NORMAL
MEM=50% STATE=NORMAL
DISK=13% STATE=NORMAL
CPU=17% STATE=NORMAL
MEM=47% STATE=NORMAL
DISK=13% STATE=NORMAL
CPU=16% STATE=NORMAL
MEM=46% STATE=NORMAL
DISK=13% STATE=NORMAL
CPU=11% STATE=NORMAL
MEM=46% STATE=NORMAL
DISK=13% STATE=NORMAL
CPU=13% STATE=NORMAL
MEM=47% STATE=NORMAL
DISK=13% STATE=NORMAL
CPU=11% STATE=NORMAL
MEM=44% STATE=NORMAL
DISK=13% STATE=NORMAL
CPU=19% STATE=NORMAL
MEM=46% STATE=NORMAL
DISK=13% STATE=NORMAL
CPU=15% STATE=NORMAL
MEM=46% STATE=NORMAL
DISK=13% STATE=NORMAL
CPU=12% STATE=NORMAL
MEM=45% STATE=NORMAL
DISK=13% STATE=NORMAL
CPU=14% STATE=NORMAL
MEM=46% STATE=NORMAL
DISK=13% STATE=NORMAL
CPU=18% STATE=NORMAL
MEM=45% STATE=NORMAL
DISK=13% STATE=NORMAL
CPU=14% STATE=NORMAL
MEM=45% STATE=NORMAL
DISK=13% STATE=NORMAL
CPU=13% STATE=NORMAL
MEM=44% STATE=NORMAL
DISK=13% STATE=NORMAL
CPU=13% STATE=NORMAL
MEM=44% STATE=NORMAL
DISK=13% STATE=NORMAL
CPU=15% STATE=NORMAL
MEM=44% STATE=NORMAL
DISK=13% STATE=NORMAL
CPU=13% STATE=NORMAL
MEM=45% STATE=NORMAL
DISK=13% STATE=NORMAL
CPU=20% STATE=NORMAL
MEM=44% STATE=NORMAL
DISK=13% STATE=NORMAL
CPU=13% STATE=NORMAL
MEM=42% STATE=NORMAL
DISK=13% STATE=NORMAL
CPU=13% STATE=NORMAL
MEM=44% STATE=NORMAL
DISK=13% STATE=NORMAL
CPU=10% STATE=NORMAL
MEM=42% STATE=NORMAL
DISK=13% STATE=NORMAL
CPU=12% STATE=NORMAL
MEM=42% STATE=NORMAL
DISK=13% STATE=NORMAL
CPU=14% STATE=NORMAL
MEM=42% STATE=NORMAL
DISK=13% STATE=NORMAL
CPU=22% STATE=NORMAL
MEM=42% STATE=NORMAL
DISK=13% STATE=NORMAL
CPU=6% STATE=NORMAL
MEM=44% STATE=NORMAL
DISK=13% STATE=NORMAL
CPU=11% STATE=NORMAL
MEM=46% STATE=NORMAL
DISK=13% STATE=NORMAL
CPU=10% STATE=NORMAL
MEM=48% STATE=NORMAL
DISK=13% STATE=NORMAL
CPU=12% STATE=NORMAL
MEM=48% STATE=NORMAL
DISK=13% STATE=NORMAL
CPU=19% STATE=NORMAL
MEM=46% STATE=NORMAL
DISK=13% STATE=NORMAL
CPU=10% STATE=NORMAL
MEM=46% STATE=NORMAL
DISK=13% STATE=NORMAL
CPU=12% STATE=NORMAL
MEM=46% STATE=NORMAL
DISK=13% STATE=NORMAL
CPU=8% STATE=NORMAL
MEM=45% STATE=NORMAL
DISK=13% STATE=NORMAL
CPU=8% STATE=NORMAL
MEM=45% STATE=NORMAL
DISK=13% STATE=NORMAL
CPU=10% STATE=NORMAL
MEM=46% STATE=NORMAL
DISK=13% STATE=NORMAL
CPU=8% STATE=NORMAL
MEM=46% STATE=NORMAL
DISK=13% STATE=NORMAL
CPU=9% STATE=NORMAL
MEM=46% STATE=NORMAL
DISK=13% STATE=NORMAL
CPU=11% STATE=NORMAL
MEM=46% STATE=NORMAL
DISK=13% STATE=NORMAL
CPU=11% STATE=NORMAL
MEM=46% STATE=NORMAL
DISK=13% STATE=NORMAL
CPU=9% STATE=NORMAL
MEM=46% STATE=NORMAL
DISK=13% STATE=NORMAL
CPU=9% STATE=NORMAL
MEM=46% STATE=NORMAL
DISK=13% STATE=NORMAL
CPU=10% STATE=NORMAL
MEM=46% STATE=NORMAL
DISK=13% STATE=NORMAL
CPU=9% STATE=NORMAL
MEM=46% STATE=NORMAL
DISK=13% STATE=NORMAL
CPU=10% STATE=NORMAL
MEM=46% STATE=NORMAL
DISK=13% STATE=NORMAL
CPU=14% STATE=NORMAL
MEM=47% STATE=NORMAL
DISK=13% STATE=NORMAL
CPU=8% STATE=NORMAL
MEM=47% STATE=NORMAL
DISK=13% STATE=NORMAL
CPU=4% STATE=NORMAL
MEM=48% STATE=NORMAL
DISK=13% STATE=NORMAL
CPU=8% STATE=NORMAL
MEM=48% STATE=NORMAL
DISK=13% STATE=NORMAL
CPU=9% STATE=NORMAL
MEM=47% STATE=NORMAL
DISK=13% STATE=NORMAL
CPU=6% STATE=NORMAL
MEM=48% STATE=NORMAL
DISK=13% STATE=NORMAL
CPU=5% STATE=NORMAL
MEM=48% STATE=NORMAL
DISK=13% STATE=NORMAL
CPU=8% STATE=NORMAL
MEM=48% STATE=NORMAL
DISK=13% STATE=NORMAL
CPU=6% STATE=NORMAL
MEM=48% STATE=NORMAL
DISK=13% STATE=NORMAL
CPU=4% STATE=NORMAL
MEM=48% STATE=NORMAL
DISK=13% STATE=NORMAL
CPU=13% STATE=NORMAL
MEM=48% STATE=NORMAL
DISK=13% STATE=NORMAL
CPU=5% STATE=NORMAL
MEM=48% STATE=NORMAL
DISK=13% STATE=NORMAL
CPU=5% STATE=NORMAL
MEM=48% STATE=NORMAL
DISK=13% STATE=NORMAL
CPU=5% STATE=NORMAL
MEM=48% STATE=NORMAL
DISK=13% STATE=NORMAL
CPU=12% STATE=NORMAL
MEM=46% STATE=NORMAL
DISK=13% STATE=NORMAL
CPU=13% STATE=NORMAL
MEM=47% STATE=NORMAL
DISK=13% STATE=NORMAL
CPU=14% STATE=NORMAL
MEM=47% STATE=NORMAL
DISK=13% STATE=NORMAL
CPU=14% STATE=NORMAL
MEM=47% STATE=NORMAL
DISK=13% STATE=NORMAL
CPU=12% STATE=NORMAL
MEM=45% STATE=NORMAL
DISK=13% STATE=NORMAL
CPU=11% STATE=NORMAL
MEM=46% STATE=NORMAL
DISK=13% STATE=NORMAL
CPU=15% STATE=NORMAL
MEM=48% STATE=NORMAL
DISK=13% STATE=NORMAL
CPU=16% STATE=NORMAL
MEM=48% STATE=NORMAL
DISK=13% STATE=NORMAL
CPU=13% STATE=NORMAL
MEM=47% STATE=NORMAL
DISK=13% STATE=NORMAL
CPU=11% STATE=NORMAL
MEM=47% STATE=NORMAL
DISK=13% STATE=NORMAL
CPU=16% STATE=NORMAL
MEM=47% STATE=NORMAL
DISK=13% STATE=NORMAL
CPU=17% STATE=NORMAL
MEM=49% STATE=NORMAL
DISK=13% STATE=NORMAL
CPU=10% STATE=NORMAL
MEM=48% STATE=NORMAL
DISK=13% STATE=NORMAL
CPU=13% STATE=NORMAL
MEM=50% STATE=NORMAL
DISK=13% STATE=NORMAL
CPU=20% STATE=NORMAL
MEM=51% STATE=NORMAL
DISK=13% STATE=NORMAL
CPU=14% STATE=NORMAL
MEM=40% STATE=NORMAL
DISK=13% STATE=NORMAL
CPU=19% STATE=NORMAL
MEM=44% STATE=NORMAL
DISK=13% STATE=NORMAL
CPU=24% STATE=NORMAL
MEM=43% STATE=NORMAL
DISK=13% STATE=NORMAL
CPU=19% STATE=NORMAL
MEM=44% STATE=NORMAL
DISK=13% STATE=NORMAL
CPU=17% STATE=NORMAL
MEM=44% STATE=NORMAL
DISK=13% STATE=NORMAL
CPU=24% STATE=NORMAL
MEM=44% STATE=NORMAL
DISK=13% STATE=NORMAL
CPU=21% STATE=NORMAL
MEM=44% STATE=NORMAL
DISK=13% STATE=NORMAL
CPU=8% STATE=NORMAL
MEM=41% STATE=NORMAL
DISK=13% STATE=NORMAL
CPU=24% STATE=NORMAL
MEM=44% STATE=NORMAL
DISK=13% STATE=NORMAL
[alert] 2025-12-21 17:50:00 docker daemon down!!
sudo: a terminal is required to read the password; either use the -S option to read from standard input or configure an askpass helper
sudo: a password is required
[info]  2025-12-21 17:50:00 docker daemon restarted
CPU=12% STATE=NORMAL
MEM=41% STATE=NORMAL
DISK=13% STATE=NORMAL
CPU=12% STATE=NORMAL
MEM=40% STATE=NORMAL
DISK=13% STATE=NORMAL
CPU=13% STATE=NORMAL
MEM=42% STATE=NORMAL
DISK=13% STATE=NORMAL
CPU=10% STATE=NORMAL
MEM=44% STATE=NORMAL
DISK=13% STATE=NORMAL
CPU=9% STATE=NORMAL
MEM=43% STATE=NORMAL
DISK=13% STATE=NORMAL
CPU=8% STATE=NORMAL
MEM=44% STATE=NORMAL
DISK=13% STATE=NORMAL
CPU=19% STATE=NORMAL
MEM=44% STATE=NORMAL
DISK=13% STATE=NORMAL
CPU=18% STATE=NORMAL
MEM=44% STATE=NORMAL
DISK=13% STATE=NORMAL
CPU=26% STATE=NORMAL
MEM=46% STATE=NORMAL
DISK=13% STATE=NORMAL
CPU=14% STATE=NORMAL
MEM=44% STATE=NORMAL
DISK=13% STATE=NORMAL
CPU=8% STATE=NORMAL
MEM=45% STATE=NORMAL
DISK=13% STATE=NORMAL
CPU=9% STATE=NORMAL
MEM=45% STATE=NORMAL
DISK=13% STATE=NORMAL
CPU=19% STATE=NORMAL
MEM=45% STATE=NORMAL
DISK=13% STATE=NORMAL
CPU=7% STATE=NORMAL
MEM=45% STATE=NORMAL
DISK=13% STATE=NORMAL
CPU=9% STATE=NORMAL
MEM=45% STATE=NORMAL
DISK=13% STATE=NORMAL
CPU=11% STATE=NORMAL
MEM=45% STATE=NORMAL
DISK=13% STATE=NORMAL
CPU=10% STATE=NORMAL
MEM=47% STATE=NORMAL
DISK=13% STATE=NORMAL
CPU=9% STATE=NORMAL
MEM=44% STATE=NORMAL
DISK=13% STATE=NORMAL
CPU=8% STATE=NORMAL
MEM=44% STATE=NORMAL
DISK=13% STATE=NORMAL
CPU=16% STATE=NORMAL
MEM=45% STATE=NORMAL
DISK=13% STATE=NORMAL
CPU=14% STATE=NORMAL
MEM=44% STATE=NORMAL
DISK=13% STATE=NORMAL
CPU=9% STATE=NORMAL
MEM=45% STATE=NORMAL
DISK=13% STATE=NORMAL
CPU=10% STATE=NORMAL
MEM=44% STATE=NORMAL
DISK=13% STATE=NORMAL
CPU=9% STATE=NORMAL
MEM=45% STATE=NORMAL
DISK=13% STATE=NORMAL
CPU=17% STATE=NORMAL
MEM=45% STATE=NORMAL
DISK=13% STATE=NORMAL
CPU=10% STATE=NORMAL
MEM=45% STATE=NORMAL
DISK=13% STATE=NORMAL
CPU=22% STATE=NORMAL
MEM=44% STATE=NORMAL
DISK=13% STATE=NORMAL
CPU=8% STATE=NORMAL
MEM=44% STATE=NORMAL
DISK=13% STATE=NORMAL
CPU=10% STATE=NORMAL
MEM=44% STATE=NORMAL
DISK=13% STATE=NORMAL
CPU=9% STATE=NORMAL
MEM=55% STATE=NORMAL
DISK=13% STATE=NORMAL
CPU=18% STATE=NORMAL
MEM=55% STATE=NORMAL
DISK=13% STATE=NORMAL
CPU=9% STATE=NORMAL
MEM=55% STATE=NORMAL
DISK=13% STATE=NORMAL
CPU=15% STATE=NORMAL
MEM=51% STATE=NORMAL
DISK=13% STATE=NORMAL
CPU=12% STATE=NORMAL
MEM=52% STATE=NORMAL
DISK=13% STATE=NORMAL
CPU=20% STATE=NORMAL
MEM=53% STATE=NORMAL
DISK=13% STATE=NORMAL
CPU=14% STATE=NORMAL
MEM=53% STATE=NORMAL
DISK=13% STATE=NORMAL
CPU=13% STATE=NORMAL
MEM=53% STATE=NORMAL
DISK=13% STATE=NORMAL
CPU=14% STATE=NORMAL
MEM=53% STATE=NORMAL
DISK=13% STATE=NORMAL
CPU=14% STATE=NORMAL
MEM=53% STATE=NORMAL
DISK=13% STATE=NORMAL
CPU=12% STATE=NORMAL
MEM=53% STATE=NORMAL
DISK=13% STATE=NORMAL
CPU=19% STATE=NORMAL
MEM=55% STATE=NORMAL
DISK=13% STATE=NORMAL
CPU=16% STATE=NORMAL
MEM=54% STATE=NORMAL
DISK=13% STATE=NORMAL
CPU=10% STATE=NORMAL
MEM=53% STATE=NORMAL
DISK=13% STATE=NORMAL
CPU=13% STATE=NORMAL
MEM=54% STATE=NORMAL
DISK=13% STATE=NORMAL
CPU=14% STATE=NORMAL
MEM=54% STATE=NORMAL
DISK=13% STATE=NORMAL
CPU=18% STATE=NORMAL
MEM=57% STATE=NORMAL
DISK=13% STATE=NORMAL
CPU=9% STATE=NORMAL
MEM=54% STATE=NORMAL
DISK=13% STATE=NORMAL
CPU=14% STATE=NORMAL
MEM=54% STATE=NORMAL
DISK=13% STATE=NORMAL
CPU=14% STATE=NORMAL
MEM=55% STATE=NORMAL
DISK=13% STATE=NORMAL
CPU=11% STATE=NORMAL
MEM=55% STATE=NORMAL
DISK=13% STATE=NORMAL
CPU=12% STATE=NORMAL
MEM=54% STATE=NORMAL
DISK=13% STATE=NORMAL
CPU=10% STATE=NORMAL
MEM=55% STATE=NORMAL
DISK=13% STATE=NORMAL
CPU=15% STATE=NORMAL
MEM=54% STATE=NORMAL
DISK=13% STATE=NORMAL
CPU=12% STATE=NORMAL
MEM=56% STATE=NORMAL
DISK=13% STATE=NORMAL
